mode: set
github.com/book_legion-tribune_logistica/internal/buffer/buffer.go:18.26,22.2 1 1
github.com/book_legion-tribune_logistica/internal/buffer/buffer.go:24.35,26.2 1 1
github.com/book_legion-tribune_logistica/internal/buffer/buffer.go:28.47,31.2 2 1
github.com/book_legion-tribune_logistica/internal/buffer/buffer.go:33.26,35.2 1 1
github.com/book_legion-tribune_logistica/internal/buffer/buffer.go:38.83,39.16 1 1
github.com/book_legion-tribune_logistica/internal/buffer/buffer.go:39.16,41.3 1 1
github.com/book_legion-tribune_logistica/internal/buffer/buffer.go:43.2,44.17 2 1
github.com/book_legion-tribune_logistica/internal/buffer/buffer.go:44.17,46.3 1 1
github.com/book_legion-tribune_logistica/internal/buffer/buffer.go:48.2,49.25 2 1
github.com/book_legion-tribune_logistica/internal/buffer/buffer.go:49.25,50.35 1 1
github.com/book_legion-tribune_logistica/internal/buffer/buffer.go:50.35,52.4 1 1
github.com/book_legion-tribune_logistica/internal/buffer/buffer.go:52.10,53.4 0 1
github.com/book_legion-tribune_logistica/internal/types/types.go:10.53,11.25 1 0
github.com/book_legion-tribune_logistica/internal/types/types.go:11.25,12.29 1 0
github.com/book_legion-tribune_logistica/internal/types/types.go:12.29,15.4 2 0
github.com/book_legion-tribune_logistica/internal/types/types.go:16.8,18.3 1 0
github.com/book_legion-tribune_logistica/internal/types/types.go:21.53,22.18 1 1
github.com/book_legion-tribune_logistica/internal/types/types.go:22.18,23.29 1 1
github.com/book_legion-tribune_logistica/internal/types/types.go:23.29,26.4 2 1
github.com/book_legion-tribune_logistica/internal/types/types.go:27.8,29.3 1 1
github.com/book_legion-tribune_logistica/internal/types/types.go:32.83,34.18 2 1
github.com/book_legion-tribune_logistica/internal/types/types.go:34.18,36.10 2 1
github.com/book_legion-tribune_logistica/internal/types/types.go:36.10,38.4 1 1
github.com/book_legion-tribune_logistica/internal/types/types.go:39.3,39.33 1 1
github.com/book_legion-tribune_logistica/internal/types/types.go:41.2,41.12 1 1
github.com/book_legion-tribune_logistica/internal/types/types.go:45.45,46.27 1 1
github.com/book_legion-tribune_logistica/internal/types/types.go:46.27,48.3 1 1
github.com/book_legion-tribune_logistica/internal/types/types.go:48.8,48.34 1 1
github.com/book_legion-tribune_logistica/internal/types/types.go:48.34,50.3 1 1
github.com/book_legion-tribune_logistica/internal/types/types.go:50.8,51.24 1 1
github.com/book_legion-tribune_logistica/internal/types/types.go:51.24,53.4 1 1
github.com/book_legion-tribune_logistica/internal/types/types.go:53.9,53.31 1 1
github.com/book_legion-tribune_logistica/internal/types/types.go:53.31,55.4 1 1
github.com/book_legion-tribune_logistica/internal/types/types.go:56.3,56.11 1 1
